C51 COMPILER V9.54   MAIN                                                                  04/03/2025 19:14:19 PAGE 1   


C51 COMPILER V9.54, COMPILATION OF MODULE MAIN
OBJECT MODULE PLACED IN .\Objects\main.obj
COMPILER INVOKED BY: D:\Keil_v5\C51\BIN\C51.EXE main.c OPTIMIZE(8,SPEED) BROWSE DEBUG OBJECTEXTEND PRINT(.\Listings\main
                    -.lst) OBJECT(.\Objects\main.obj)

line level    source

   1          //电机PWM原理控制LED呼吸灯
   2          #include <REGX52.H>
   3          
   4          sbit LED = P2^0;
   5          
   6          void Delay(unsigned int t)
   7          {
   8   1              while(t--);
   9   1      }
  10          
  11          void main()
  12          {
  13   1              unsigned char Time,i;
  14   1              while(1)
  15   1              {
  16   2                      for(Time=0;Time<100;Time++)
  17   2                      {
  18   3                              for(i=0;i<20;i++)       //延缓变化速度
  19   3                              {
  20   4                                      LED = 0;
  21   4                                      Delay(Time);
  22   4                                      LED = 1;
  23   4                                      Delay(100-Time);
  24   4                              }
  25   3                      }
  26   2                      for(Time=100;Time>0;Time--)
  27   2                      {
  28   3                              for(i=0;i<20;i++)
  29   3                              {
  30   4                                      LED = 0;
  31   4                                      Delay(Time);
  32   4                                      LED = 1;
  33   4                                      Delay(100-Time);
  34   4                              }
  35   3                      }
  36   2              }
  37   1      }


MODULE INFORMATION:   STATIC OVERLAYABLE
   CODE SIZE        =     68    ----
   CONSTANT SIZE    =   ----    ----
   XDATA SIZE       =   ----    ----
   PDATA SIZE       =   ----    ----
   DATA SIZE        =   ----    ----
   IDATA SIZE       =   ----    ----
   BIT SIZE         =   ----    ----
END OF MODULE INFORMATION.


C51 COMPILATION COMPLETE.  0 WARNING(S),  0 ERROR(S)
