C51 COMPILER V9.54   MAIN                                                                  03/31/2025 14:20:20 PAGE 1   


C51 COMPILER V9.54, COMPILATION OF MODULE MAIN
OBJECT MODULE PLACED IN .\Objects\main.obj
COMPILER INVOKED BY: D:\Keil_v5\C51\BIN\C51.EXE main.c OPTIMIZE(8,SPEED) BROWSE DEBUG OBJECTEXTEND PRINT(.\Listings\main
                    -.lst) OBJECT(.\Objects\main.obj)

line level    source

   1          //向电脑发送数据，注意波特率对齐
   2          //#include <REGX52.H>
   3          //#include "Delay.h"
   4          //#include "UART.h"
   5          
   6          //unsigned char Sec;
   7          
   8          //void main()
   9          //{
  10          //      UART_Init();
  11          //      while(1)
  12          //      {
  13          //              UART_SendByte(Sec);     //串口助手内接收的数据以16进制显示
  14          //              Sec++;
  15          //              Delayxms(1000); //否则另一端接收到的数据不对，延时1ms即可
  16          //      }
  17          //}
  18          
  19          //电脑通过串口控制LED
  20          #include <REGX52.H>
  21          #include "Delay.h"
  22          #include "UART.h"
  23          
  24          unsigned char Sec;
  25          
  26          void main()
  27          {
  28   1              UART_Init();
  29   1              while(1)
  30   1              {
  31   2                      //将中断配置断开即（ES=0或EA=0），以下方法也可实现
  32   2      //              while(RI == 0);
  33   2      //              P2 = ~SBUF;     //读取另一端发送的数据控制LED
  34   2      //              UART_SendByte(SBUF);    //将接收到的数据发送回去
  35   2      //              RI = 0;
  36   2              }
  37   1      }
  38          
  39          void UART_Routine() interrupt 4 //串口中断号
  40          {
  41   1              if(RI == 1)     //数据接收完成，作判断的原因是发送和接收公用一个中断口，需要区分
  42   1              {
  43   2                      P2 = ~SBUF;     //读取另一端发送的数据控制LED
  44   2                      UART_SendByte(SBUF);    //将接收到的数据发送回去
  45   2                      RI = 0;
  46   2              }
  47   1      }
  48          
  49          


MODULE INFORMATION:   STATIC OVERLAYABLE
   CODE SIZE        =     76    ----
   CONSTANT SIZE    =   ----    ----
C51 COMPILER V9.54   MAIN                                                                  03/31/2025 14:20:20 PAGE 2   

   XDATA SIZE       =   ----    ----
   PDATA SIZE       =   ----    ----
   DATA SIZE        =      1    ----
   IDATA SIZE       =   ----    ----
   BIT SIZE         =   ----    ----
END OF MODULE INFORMATION.


C51 COMPILATION COMPLETE.  0 WARNING(S),  0 ERROR(S)
