C51 COMPILER V9.54   TIMER1                                                                03/31/2025 13:25:09 PAGE 1   


C51 COMPILER V9.54, COMPILATION OF MODULE TIMER1
OBJECT MODULE PLACED IN .\Objects\Timer1.obj
COMPILER INVOKED BY: D:\Keil_v5\C51\BIN\C51.EXE Timer1.c OPTIMIZE(8,SPEED) BROWSE DEBUG OBJECTEXTEND PRINT(.\Listings\Ti
                    -mer1.lst) OBJECT(.\Objects\Timer1.obj)

line level    source

   1          #include <REGX52.H>
   2          
   3          //12MHZ一次1us，11.0598MHZ一次1.085us
   4          
   5          void Timer1Init(void)           //1毫秒@11.0592MHz
   6          {
   7   1              TMOD &= 0x0F;           //设置定时器模式
   8   1              TMOD |= 0x01;           //设置定时器模式
   9   1              TL0 = 0x66;             //设置定时初值
  10   1              TH0 = 0xFC;             //设置定时初值
  11   1              TF0 = 0;                //清除TF0标志
  12   1              TR0 = 1;                //定时器0开始计时
  13   1              ET0 = 1;
  14   1              EA = 1;
  15   1              PT0 = 0;        //默认为0，可以不赋值
  16   1      }


MODULE INFORMATION:   STATIC OVERLAYABLE
   CODE SIZE        =     23    ----
   CONSTANT SIZE    =   ----    ----
   XDATA SIZE       =   ----    ----
   PDATA SIZE       =   ----    ----
   DATA SIZE        =   ----    ----
   IDATA SIZE       =   ----    ----
   BIT SIZE         =   ----    ----
END OF MODULE INFORMATION.


C51 COMPILATION COMPLETE.  0 WARNING(S),  0 ERROR(S)
