C51 COMPILER V9.54   MAIN                                                                  03/27/2025 16:39:40 PAGE 1   


C51 COMPILER V9.54, COMPILATION OF MODULE MAIN
OBJECT MODULE PLACED IN .\Objects\main.obj
COMPILER INVOKED BY: D:\Keil_v5\C51\BIN\C51.EXE main.c OPTIMIZE(8,SPEED) BROWSE DEBUG OBJECTEXTEND PRINT(.\Listings\main
                    -.lst) OBJECT(.\Objects\main.obj)

line level    source

   1          #include <REGX52.H>
   2          #include "Delay.h"
   3          #include "NixieTube.h"
   4          #include "LCD1602.h"
   5          
   6          void main()
   7          {
   8   1              LCD_Init();
   9   1              LCD_ShowChar(1,1,'A');
  10   1              LCD_ShowString(1,3,"Hello");
  11   1              LCD_ShowNum(1,9,123,3);
  12   1              LCD_ShowSignedNum(1,13,-66,2);
  13   1              LCD_ShowHexNum(2,1,0xA8,2);     //十六进制
  14   1              LCD_ShowBinNum(2,4,0xAA,8);     //二进制
  15   1              while(1)
  16   1              {
  17   2      //              NixieTube(1,1);
  18   2      //              NixieTube(2,2);
  19   2      //              NixieTube(3,3);
  20   2      //              NixieTube(4,4);
  21   2              }
  22   1      }


MODULE INFORMATION:   STATIC OVERLAYABLE
   CODE SIZE        =     83    ----
   CONSTANT SIZE    =      6    ----
   XDATA SIZE       =   ----    ----
   PDATA SIZE       =   ----    ----
   DATA SIZE        =   ----    ----
   IDATA SIZE       =   ----    ----
   BIT SIZE         =   ----    ----
END OF MODULE INFORMATION.


C51 COMPILATION COMPLETE.  0 WARNING(S),  0 ERROR(S)
