C51 COMPILER V9.54   INDEPENDENTKEY                                                        04/03/2025 15:12:22 PAGE 1   


C51 COMPILER V9.54, COMPILATION OF MODULE INDEPENDENTKEY
OBJECT MODULE PLACED IN .\Objects\IndependentKey.obj
COMPILER INVOKED BY: D:\Keil_v5\C51\BIN\C51.EXE IndependentKey.c OPTIMIZE(8,SPEED) BROWSE DEBUG OBJECTEXTEND PRINT(.\Lis
                    -tings\IndependentKey.lst) OBJECT(.\Objects\IndependentKey.obj)

line level    source

   1          #include <REGX52.H>
   2          #include "Delay.h"
   3          
   4          unsigned char Key_KeyNumber;
   5          
   6          unsigned char Key()
   7          {
   8   1              unsigned char Temp = 0;
   9   1              Temp = Key_KeyNumber;
  10   1              Key_KeyNumber = 0;
  11   1              return Temp;
  12   1      }
  13          
  14          /**
  15                  * @breif        获取独立按键键值
  16                  * @param        无
  17                  * @retval       按下按键的键值，范围：0~4，无按键按键时返回0
  18                  */
  19          unsigned char Key_GetState()
  20          {
  21   1              unsigned char KeyNumber = 0;
  22   1              if(P3_1 == 0){KeyNumber = 1;}
  23   1              if(P3_0 == 0){KeyNumber = 2;}
  24   1              if(P3_2 == 0){KeyNumber = 3;}
  25   1              if(P3_3 == 0){KeyNumber = 4;}
  26   1              return KeyNumber;
  27   1      }
  28          
  29          void Key_Loop()
  30          {
  31   1              static unsigned char NowState = 0,LastState = 0;
  32   1              unsigned char i = 0;
  33   1              LastState = NowState;
  34   1              NowState = Key_GetState();
  35   1      
  36   1              if((LastState && NowState == 0) && LastState != 0)
  37   1              {
  38   2                      Key_KeyNumber = LastState;
  39   2              }
  40   1              
  41   1      }


MODULE INFORMATION:   STATIC OVERLAYABLE
   CODE SIZE        =     54    ----
   CONSTANT SIZE    =   ----    ----
   XDATA SIZE       =   ----    ----
   PDATA SIZE       =   ----    ----
   DATA SIZE        =      3       1
   IDATA SIZE       =   ----    ----
   BIT SIZE         =   ----    ----
END OF MODULE INFORMATION.


C51 COMPILATION COMPLETE.  0 WARNING(S),  0 ERROR(S)
