C51 COMPILER V9.54   MATRIXLED                                                             03/31/2025 19:47:54 PAGE 1   


C51 COMPILER V9.54, COMPILATION OF MODULE MATRIXLED
OBJECT MODULE PLACED IN .\Objects\MatrixLED.obj
COMPILER INVOKED BY: D:\Keil_v5\C51\BIN\C51.EXE MatrixLED.c OPTIMIZE(8,SPEED) BROWSE DEBUG OBJECTEXTEND PRINT(.\Listings
                    -\MatrixLED.lst) OBJECT(.\Objects\MatrixLED.obj)

line level    source

   1          #include <REGX52.H>
   2          #include "Delay.h"
   3          
   4          //用异或取P3的第n+1位地址(0,1,2,3,4,5,6,7)
   5          sbit RCK = P3^5;        //用于将数据同时传入数据缓存区(取)，RCLK被定义过了，其他没有
   6          sbit SCK = P3^6;        //用于将数据在移位寄存器下移(取高电平时移位)，SRCLK
   7          sbit SER = P3^4;        //用于将数据传入移位寄存器入口，SER
   8          
   9          #define MATRIX_LED_PORT P0
  10          
  11          /**
  12                  *  @breif       点阵屏初始化
  13                  *  @param       无
  14                  *  @retval      无
  15                  */
  16          void MatrixLED_Init()
  17          {
  18   1              SCK = 0;
  19   1              RCK = 0;
  20   1      }
  21          
  22          /**
  23                  *  @breif       74HC595写入一个字节
  24                  *  @param       Byte，例：0x80
  25                  *  @retval      无
  26                  */
  27          void _74HC595_WriteByte(unsigned char Byte)
  28          {
  29   1              unsigned char i;
  30   1      //      SER = Byte&0x80;        //提取Byte的最高位，因为需要先输入最高位然后依次移位，右侧为8位值，左侧为1位值，此时有
             -规则“非0即1”使位对齐
  31   1      //      SCK = 1;        //移位
  32   1      //      SCK = 0;        //清零  
  33   1              for(i = 0;i < 8;i++)
  34   1              {
  35   2                      SER = Byte&(0x80>>i);
  36   2                      SCK = 1;        //移位
  37   2                      SCK = 0;        //清零
  38   2              }
  39   1              RCK = 1;        //传入数据缓存
  40   1              RCK = 0;        //清零
  41   1      }
  42          
  43          /**
  44                  *  @breif       点亮某列LED点阵屏
  45                  *  @param       Column 选择列，范围：0~7，从左
  46                  *  @param       Row        选择要点亮的行，高位在上，1亮0灭
  47                  *  @retval      无
  48                  */
  49          void MatrixLED_ShowColumn(unsigned char Column,Row)     //行取高电平，列取低电平->点亮
  50          {
  51   1      //      该方法一次仅亮一个，浪费了
  52   1      //      unsigned char Data = 0x00;
  53   1      //      for(Row = 1;Row < 9;Row++)
C51 COMPILER V9.54   MATRIXLED                                                             03/31/2025 19:47:54 PAGE 2   

  54   1      //      {
  55   1      //              Data = 0x01<<(Row - 1);
  56   1      //      }
  57   1              _74HC595_WriteByte(Row);
  58   1              MATRIX_LED_PORT = ~0x80>>(Column-1);    //低电平点亮，故取反
  59   1              //消影
  60   1              Delayxms(1);    //延时
  61   1              MATRIX_LED_PORT = 0xFF; //位清零
  62   1      }


MODULE INFORMATION:   STATIC OVERLAYABLE
   CODE SIZE        =     90    ----
   CONSTANT SIZE    =   ----    ----
   XDATA SIZE       =   ----    ----
   PDATA SIZE       =   ----    ----
   DATA SIZE        =   ----    ----
   IDATA SIZE       =   ----    ----
   BIT SIZE         =   ----    ----
END OF MODULE INFORMATION.


C51 COMPILATION COMPLETE.  0 WARNING(S),  0 ERROR(S)
