C51 COMPILER V9.54   BUZZER                                                                04/02/2025 15:34:44 PAGE 1   


C51 COMPILER V9.54, COMPILATION OF MODULE BUZZER
OBJECT MODULE PLACED IN .\Objects\Buzzer.obj
COMPILER INVOKED BY: D:\Keil_v5\C51\BIN\C51.EXE Buzzer.c OPTIMIZE(8,SPEED) BROWSE DEBUG OBJECTEXTEND PRINT(.\Listings\Bu
                    -zzer.lst) OBJECT(.\Objects\Buzzer.obj)

line level    source

   1          #include <REGX52.H>
   2          #include <INTRINS.H>    //_nop_()
   3          #include "Delay.h"
   4          //蜂鸣器端口
   5          sbit Buzzer = P2^5;
   6          
   7          //500us延时函数
   8          void Delay500us()               //@11.0592MHz
   9          {
  10   1              unsigned char i;
  11   1      
  12   1              _nop_();
  13   1              i = 227;
  14   1              while (--i);
  15   1      }
  16          
  17          /**
  18            *     @brief  蜂鸣器提示音
  19            * @param      ms      发声时长
  20            *     @retval 无
  21            */
  22          void Buzzer_Time(unsigned int ms)
  23          {
  24   1              unsigned int i = 0;
  25   1              for(i = 0;i < ms*2;i++)
  26   1              {
  27   2                      Buzzer = !Buzzer;
  28   2                      //Delayxms(1);  //1ms翻转一次，则周期为2ms，对应频率为1/0.002s = 500 HZ
  29   2                      Delay500us();   //1000HZ
  30   2              }
  31   1      }


MODULE INFORMATION:   STATIC OVERLAYABLE
   CODE SIZE        =     40    ----
   CONSTANT SIZE    =   ----    ----
   XDATA SIZE       =   ----    ----
   PDATA SIZE       =   ----    ----
   DATA SIZE        =   ----    ----
   IDATA SIZE       =   ----    ----
   BIT SIZE         =   ----    ----
END OF MODULE INFORMATION.


C51 COMPILATION COMPLETE.  0 WARNING(S),  0 ERROR(S)
