C51 COMPILER V9.54   MAIN                                                                  04/02/2025 15:34:44 PAGE 1   


C51 COMPILER V9.54, COMPILATION OF MODULE MAIN
OBJECT MODULE PLACED IN .\Objects\main.obj
COMPILER INVOKED BY: D:\Keil_v5\C51\BIN\C51.EXE main.c OPTIMIZE(8,SPEED) BROWSE DEBUG OBJECTEXTEND PRINT(.\Listings\main
                    -.lst) OBJECT(.\Objects\main.obj)

line level    source

   1          //蜂鸣器发声
   2          //#include <REGX52.H>
   3          //#include "Delay.h"
   4          //#include "NixieTube.h"
   5          //#include "IndependentKey.h"
   6          //#include "Buzzer.h"
   7          
   8          //unsigned char KeyNum;
   9          
  10          //void main()
  11          //{
  12          //      NixieTube(1,0);
  13          //      while(1)
  14          //      {
  15          //              KeyNum = IndependentKey();
  16          //              if(KeyNum)
  17          //              {
  18          //                      Buzzer_Time(100);
  19          //                      NixieTube(1,KeyNum);
  20          //              }
  21          //      }
  22          //}
  23          
  24          //蜂鸣器播放音乐
  25          #include <REGX52.H>
  26          #include "Delay.h"
  27          #include "IndependentKey.h"
  28          #include "Timer0.h"
  29          
  30          sbit Buzzer = P2^5;
  31          
  32          unsigned char KeyNum;
  33          
  34          void main()
  35          {
  36   1              Timer0Init();
  37   1              while(1)
  38   1              {
  39   2                      
  40   2              }
  41   1      }
  42          
  43          void Timer0_Routine() interrupt 1       //天生1ms执行一次
  44          {
  45   1              TL0=0x18;//设置定时初值
  46   1              TH0 = 0xFC;//设置定时初值
  47   1              Buzzer = !Buzzer;
  48   1      }
  49          


MODULE INFORMATION:   STATIC OVERLAYABLE
   CODE SIZE        =     14    ----
   CONSTANT SIZE    =   ----    ----
C51 COMPILER V9.54   MAIN                                                                  04/02/2025 15:34:44 PAGE 2   

   XDATA SIZE       =   ----    ----
   PDATA SIZE       =   ----    ----
   DATA SIZE        =      1    ----
   IDATA SIZE       =   ----    ----
   BIT SIZE         =   ----    ----
END OF MODULE INFORMATION.


C51 COMPILATION COMPLETE.  0 WARNING(S),  0 ERROR(S)
