C51 COMPILER V9.54   NIXIETUBE                                                             04/02/2025 15:34:44 PAGE 1   


C51 COMPILER V9.54, COMPILATION OF MODULE NIXIETUBE
OBJECT MODULE PLACED IN .\Objects\NixieTube.obj
COMPILER INVOKED BY: D:\Keil_v5\C51\BIN\C51.EXE NixieTube.c OPTIMIZE(8,SPEED) BROWSE DEBUG OBJECTEXTEND PRINT(.\Listings
                    -\NixieTube.lst) OBJECT(.\Objects\NixieTube.obj)

line level    source

   1          #include <REGX52.H>
   2          #include "Delay.h"
   3          unsigned char NixieTubeNumber[]={0x3F,0x06,0x5B,0x4F,0x66,0x6D,0x7D,0x07,0x7F,0x6F,0x77,0x7C,0x39,0x5E,0x7
             -9,0x71,0x00};
   4          
   5          void NixieTube(unsigned char Location,Number)
   6          {
   7   1              switch(Location)
   8   1              {
   9   2                      case 1: //左侧第一组LED为LED8
  10   2                              P2_4 = 1;P2_3 = 1;P2_2 = 1;break;
  11   2                      case 2: 
  12   2                              P2_4 = 1;P2_3 = 1;P2_2 = 0;break;
  13   2                      case 3: 
  14   2                              P2_4 = 1;P2_3 = 0;P2_2 = 1;break;
  15   2                      case 4: 
  16   2                              P2_4 = 1;P2_3 = 0;P2_2 = 0;break;
  17   2                      case 5: 
  18   2                              P2_4 = 0;P2_3 = 1;P2_2 = 1;break;
  19   2                      case 6: 
  20   2                              P2_4 = 0;P2_3 = 1;P2_2 = 0;break;
  21   2                      case 7: 
  22   2                              P2_4 = 0;P2_3 = 0;P2_2 = 1;break;
  23   2                      case 8: 
  24   2                              P2_4 = 0;P2_3 = 0;P2_2 = 0;break;
  25   2              }
  26   1              P0 = NixieTubeNumber[Number];
  27   1      //      Delayxms(1);    //也可以直接加延时
  28   1      //      P0 = 0x00;      //目的：延时清零――位选  段选（中间会串位）位选  段选
  29   1      }


MODULE INFORMATION:   STATIC OVERLAYABLE
   CODE SIZE        =     99    ----
   CONSTANT SIZE    =   ----    ----
   XDATA SIZE       =   ----    ----
   PDATA SIZE       =   ----    ----
   DATA SIZE        =     17    ----
   IDATA SIZE       =   ----    ----
   BIT SIZE         =   ----    ----
END OF MODULE INFORMATION.


C51 COMPILATION COMPLETE.  0 WARNING(S),  0 ERROR(S)
