C51 COMPILER V9.60.7.0   MAIN                                                              04/04/2025 20:36:08 PAGE 1   


C51 COMPILER V9.60.7.0, COMPILATION OF MODULE MAIN
OBJECT MODULE PLACED IN .\Objects\main.obj
COMPILER INVOKED BY: D:\Keil5\keil5C51\C51\BIN\C51.EXE main.c OPTIMIZE(8,SPEED) BROWSE DEBUG OBJECTEXTEND PRINT(.\Listin
                    -gs\main.lst) OBJECT(.\Objects\main.obj)

line level    source

   1          //利用外部中断实现红外遥控
   2          #include <REGX52.H>
   3          #include "Delay.h"
   4          #include "LCD1602.h"
   5          #include "IR.h"
   6          
   7          unsigned char Num;
   8          unsigned char Address;
   9          unsigned char Command;
  10          
  11          void main()
  12          {
  13   1              LCD_Init();
  14   1              LCD_ShowString(1,1,"ADDR  CMD  NUM");
  15   1              
  16   1              /*
  17   1              Timer0_Init();
  18   1              Timer0_SetCounter(0);
  19   1              Timer0_Run(1);                          //开始计时
  20   1              Delayxms(1);
  21   1              Time = Timer0_GetCounter();     //获取计时
  22   1              LCD_ShowNum(2,1,Time,5);
  23   1              */
  24   1              IR_Init();
  25   1              
  26   1              while(1)
  27   1              {
  28   2                      if(IR_GetDataFlag() || IR_GetRepeatFlag())
  29   2                      {
  30   3                              Address = IR_GetAddress();
  31   3                              Command = IR_GetCommand();
  32   3                              if(Command == IR_VOLMINUS)
  33   3                              {
  34   4                                      Num--;
  35   4                              }
  36   3                              if(Command == IR_VOLADD)
  37   3                              {
  38   4                                      Num++;
  39   4                              }
  40   3                      }
  41   2                      LCD_ShowHexNum(2,2,Address,2);
  42   2                      LCD_ShowHexNum(2,7,Command,2);
  43   2                      LCD_ShowNum(2,12,Num,3);
  44   2              }
  45   1      }


MODULE INFORMATION:   STATIC OVERLAYABLE
   CODE SIZE        =    102    ----
   CONSTANT SIZE    =     15    ----
   XDATA SIZE       =   ----    ----
   PDATA SIZE       =   ----    ----
   DATA SIZE        =      3    ----
   IDATA SIZE       =   ----    ----
C51 COMPILER V9.60.7.0   MAIN                                                              04/04/2025 20:36:08 PAGE 2   

   BIT SIZE         =   ----    ----
END OF MODULE INFORMATION.


C51 COMPILATION COMPLETE.  0 WARNING(S),  0 ERROR(S)
