C51 COMPILER V9.60.7.0   XPT2046                                                           04/04/2025 13:35:39 PAGE 1   


C51 COMPILER V9.60.7.0, COMPILATION OF MODULE XPT2046
OBJECT MODULE PLACED IN .\Objects\XPT2046.obj
COMPILER INVOKED BY: D:\Keil5\keil5C51\C51\BIN\C51.EXE XPT2046.c OPTIMIZE(8,SPEED) BROWSE DEBUG OBJECTEXTEND PRINT(.\Lis
                    -tings\XPT2046.lst) OBJECT(.\Objects\XPT2046.obj)

line level    source

   1          #include <REGX52.H>
   2          #include "Delay.h"
   3          
   4          sbit XPT2046_CS = P3^5;         //控制进入
   5          sbit XPT2046_DCLK = P3^6;       //上升沿发出命令让DIN接收，下降沿接收DOUT数据
   6          sbit XPT2046_DIN = P3^4;
   7          sbit XPT2046_DOUT = P3^7;
   8          
   9          unsigned int XPT2046_ReadAD(unsigned char Command)
  10          {
  11   1              unsigned char i = 0;
  12   1              unsigned int ADValue = 0;
  13   1              XPT2046_DCLK = 0;
  14   1              XPT2046_CS = 0;
  15   1              for(i=0;i<8;i++)
  16   1              {
  17   2                      XPT2046_DIN = Command&(0x80>>i);
  18   2                      XPT2046_DCLK = 1;
  19   2                      XPT2046_DCLK = 0;
  20   2              }
  21   1              for(i=0;i<16;i++)
  22   1              {
  23   2                      XPT2046_DCLK = 1;
  24   2                      XPT2046_DCLK = 0;
  25   2                      Delayxms(1);    //不加延时电阻不会变
  26   2                      if(XPT2046_DOUT){ADValue|=(0x8000>>i);}
  27   2              }
  28   1              XPT2046_CS = 1;
  29   1              if(Command&0x08){return ADValue>>8;}
  30   1              else{return ADValue>>4;}
  31   1              
  32   1      }


MODULE INFORMATION:   STATIC OVERLAYABLE
   CODE SIZE        =    127    ----
   CONSTANT SIZE    =   ----    ----
   XDATA SIZE       =   ----    ----
   PDATA SIZE       =   ----    ----
   DATA SIZE        =   ----       4
   IDATA SIZE       =   ----    ----
   BIT SIZE         =   ----    ----
END OF MODULE INFORMATION.


C51 COMPILATION COMPLETE.  0 WARNING(S),  0 ERROR(S)
