C51 COMPILER V9.60.7.0   INDEPENDENTKEY                                                    03/30/2025 21:21:12 PAGE 1   


C51 COMPILER V9.60.7.0, COMPILATION OF MODULE INDEPENDENTKEY
OBJECT MODULE PLACED IN .\Objects\IndependentKey.obj
COMPILER INVOKED BY: D:\Keil5\keil5C51\C51\BIN\C51.EXE IndependentKey.c OPTIMIZE(8,SPEED) DEBUG OBJECTEXTEND PRINT(.\Lis
                    -tings\IndependentKey.lst) OBJECT(.\Objects\IndependentKey.obj)

line level    source

   1          #include <REGX52.H>
   2          #include "Delay.h"
   3          
   4          /**
   5                  * @breif        获取独立按键键值
   6                  * @param        无
   7                  * @retval       按下按键的键值，范围：0~4，无按键按键时返回0
   8                  */
   9          
  10          unsigned char IndependentKey()
  11          {
  12   1              unsigned char KeyNumber = 0;
  13   1              if(P3_1 == 0){Delayxms(20);while(P3_1 == 0);Delayxms(20);KeyNumber = 1;}
  14   1              if(P3_0 == 0){Delayxms(20);while(P3_0 == 0);Delayxms(20);KeyNumber = 2;}
  15   1              if(P3_2 == 0){Delayxms(20);while(P3_2 == 0);Delayxms(20);KeyNumber = 3;}
  16   1              if(P3_3 == 0){Delayxms(20);while(P3_3 == 0);Delayxms(20);KeyNumber = 4;}
  17   1              return KeyNumber;
  18   1      }


MODULE INFORMATION:   STATIC OVERLAYABLE
   CODE SIZE        =     97    ----
   CONSTANT SIZE    =   ----    ----
   XDATA SIZE       =   ----    ----
   PDATA SIZE       =   ----    ----
   DATA SIZE        =   ----       1
   IDATA SIZE       =   ----    ----
   BIT SIZE         =   ----    ----
END OF MODULE INFORMATION.


C51 COMPILATION COMPLETE.  0 WARNING(S),  0 ERROR(S)
