C51 COMPILER V9.60.7.0   MAIN                                                              03/30/2025 21:21:12 PAGE 1   


C51 COMPILER V9.60.7.0, COMPILATION OF MODULE MAIN
OBJECT MODULE PLACED IN .\Objects\main.obj
COMPILER INVOKED BY: D:\Keil5\keil5C51\C51\BIN\C51.EXE main.c OPTIMIZE(8,SPEED) DEBUG OBJECTEXTEND PRINT(.\Listings\main
                    -.lst) OBJECT(.\Objects\main.obj)

line level    source

   1          //按键控制LED流水灯（使用定时器防止占用cpu）
   2          //#include <REGX52.H>
   3          //#include <INTRINS.H>
   4          //#include "Timer0.h"
   5          //#include "IndependentKey.h"
   6          
   7          //unsigned char KeyNum,LEDMode;
   8          
   9          //void main()
  10          //{
  11          //      P2 = 0xFE;
  12          //      Timer0Init();
  13          //      while(1)
  14          //      {
  15          //              KeyNum = IndependentKey();
  16          //              if(KeyNum)
  17          //              {
  18          //                      if(KeyNum == 1)
  19          //                      {
  20          //                              LEDMode++;
  21          //                              if(LEDMode >= 2)LEDMode = 0;
  22          //                      }
  23          //              }
  24          //      }
  25          //}
  26          
  27          ////在此处执行是因为初始化后经过1ms，TF0=1，满足中断条件后执行
  28          //void Timer0_Routine() interrupt 1     //定时器0的中断号，该函数无需调用也不能调用
  29          //{
  30          //      static unsigned int T0Count;
  31          //      TL0 = 0x66;
  32          //      TH0 = 0xFC;
  33          //      T0Count++;
  34          //      if(T0Count>=1000)       //计数1000次，即1s
  35          //      {
  36          //              T0Count = 0;
  37          //              if(LEDMode == 0)
  38          //              {
  39          //                      P2 = _crol_(P2,1);      //左移函数
  40          //              }
  41          //              else if(LEDMode == 1)
  42          //              {
  43          //                      P2 = _cror_(P2,1);      //右移函数
  44          //              }
  45          //      }
  46          //      
  47          //}
  48          
  49          //定时器时钟
  50          #include <REGX52.H>
  51          #include <INTRINS.H>
  52          #include "Timer0.h"
  53          #include "Delay.h"
  54          #include "LCD1602.h"
C51 COMPILER V9.60.7.0   MAIN                                                              03/30/2025 21:21:12 PAGE 2   

  55          
  56          unsigned char Hour,Min,Sec;
  57          
  58          void main()
  59          {
  60   1              LCD_Init();
  61   1              Timer0Init();
  62   1              
  63   1              LCD_ShowString(1,1,"Clock:");
  64   1              LCD_ShowString(2,1,"  :  :");
  65   1              
  66   1              while(1)
  67   1              {
  68   2                      LCD_ShowNum(2,1,Hour,2);
  69   2                      LCD_ShowNum(2,4,Min,2);
  70   2                      LCD_ShowNum(2,7,Sec,2);
  71   2              }
  72   1      }
  73          
  74          void Timer0_Routine() interrupt 1
  75          {
  76   1              static unsigned int T0Count;
  77   1              TL0 = 0x66;
  78   1              TH0 = 0xFC;
  79   1              T0Count++;
  80   1              if(T0Count>=1000)
  81   1              {
  82   2                      T0Count = 0;
  83   2                      Sec++;
  84   2                      //Sec = Sec + 1.04;     //纠正误差，似乎没用
  85   2                      if(Sec >= 60)
  86   2                      {
  87   3                              Sec = 0;
  88   3                              Min++;
  89   3                              if(Min >= 60)
  90   3                              {
  91   4                                      Min = 0;
  92   4                                      Hour++;
  93   4                                      if(Hour >= 24)
  94   4                                      {
  95   5                                              Hour = 0;
  96   5                                      }
  97   4                              }
  98   3                      }
  99   2              }
 100   1              
 101   1      }
 102          
 103          
 104          


MODULE INFORMATION:   STATIC OVERLAYABLE
   CODE SIZE        =    150    ----
   CONSTANT SIZE    =     14    ----
   XDATA SIZE       =   ----    ----
   PDATA SIZE       =   ----    ----
   DATA SIZE        =      5    ----
   IDATA SIZE       =   ----    ----
   BIT SIZE         =   ----    ----
END OF MODULE INFORMATION.


C51 COMPILATION COMPLETE.  0 WARNING(S),  0 ERROR(S)
