C51 COMPILER V9.60.7.0   TIMER0                                                            03/30/2025 19:44:27 PAGE 1   


C51 COMPILER V9.60.7.0, COMPILATION OF MODULE TIMER0
OBJECT MODULE PLACED IN .\Objects\Timer0.obj
COMPILER INVOKED BY: D:\Keil5\keil5C51\C51\BIN\C51.EXE Timer0.c OPTIMIZE(8,SPEED) DEBUG OBJECTEXTEND PRINT(.\Listings\Ti
                    -mer0.lst) OBJECT(.\Objects\Timer0.obj)

line level    source

   1          #include <REGX52.H>
   2          
   3          //12MHZ一次1us，11.0598MHZ一次1.085us
   4          //void Timer0_Init()
   5          //{
   6          //      //TMOD = 0x01;  //模式寄存器，不可位寻址（必须整体赋值）
   7          //      TMOD &= 0xF0;   //高四位不变，低四位清零
   8          //      TMOD |= 0x01;   //高四位不变，低四位赋0001
   9          //      //0000 0001，分别指定时器1：Gate C/T M1 M0 定时器0：Gate C/T M1 M0      T上有一横
  10          //      //指选用模式一，设置原理见定时器电路图
  11          //      
  12          //      //TCON  //控制寄存器，可位寻址（可以单独赋值）
  13          //      TF0 = 0;
  14          //      TR0 = 1;        //允许T1开始计数，0不允许
  15          //      
  16          //      //两个八位"计数器"组成十六位，0~65535，TH0高位，TL0低位
  17          //      TH0 = 64613/256;
  18          //      TL0 = 64613%256;
  19          //      
  20          //      //打通中断系统T0，包括ET0、EA，  PT0（优先级，0低1高）
  21          //      ET0 = 1;
  22          //      EA = 1;
  23          //      PT0 = 0;
  24          //}
  25          void Timer0Init(void)           //1毫秒@11.0592MHz
  26          {
  27   1              TMOD &= 0xF0;           //设置定时器模式
  28   1              TMOD |= 0x01;           //设置定时器模式
  29   1              TL0 = 0x66;             //设置定时初值
  30   1              TH0 = 0xFC;             //设置定时初值
  31   1              TF0 = 0;                //清除TF0标志
  32   1              TR0 = 1;                //定时器0开始计时
  33   1              ET0 = 1;
  34   1              EA = 1;
  35   1              PT0 = 0;        //默认为0，可以不赋值
  36   1      }


MODULE INFORMATION:   STATIC OVERLAYABLE
   CODE SIZE        =     23    ----
   CONSTANT SIZE    =   ----    ----
   XDATA SIZE       =   ----    ----
   PDATA SIZE       =   ----    ----
   DATA SIZE        =   ----    ----
   IDATA SIZE       =   ----    ----
   BIT SIZE         =   ----    ----
END OF MODULE INFORMATION.


C51 COMPILATION COMPLETE.  0 WARNING(S),  0 ERROR(S)
