C51 COMPILER V9.54   MAIN                                                                  03/27/2025 15:18:34 PAGE 1   


C51 COMPILER V9.54, COMPILATION OF MODULE MAIN
OBJECT MODULE PLACED IN .\Objects\main.obj
COMPILER INVOKED BY: D:\Keil_v5\C51\BIN\C51.EXE main.c OPTIMIZE(8,SPEED) BROWSE DEBUG OBJECTEXTEND PRINT(.\Listings\main
                    -.lst) OBJECT(.\Objects\main.obj)

line level    source

   1          //静态显示,单个或只能相同
   2          //#include <REGX52.H>
   3          //unsigned char NixieTubeNumber[]={0x3F,0x06,0x5B,0x4F,0x66,0x6D,0x7D,0x07,0x7F,0x6F,0x77,0x7C,0x39,0x5E,0
             -x79,0x71,0x00};
   4          //void NixieTube(unsigned char Location,Number)
   5          //{
   6          //      switch(Location)
   7          //      {
   8          //              case 1: //左侧第一组LED为LED8
   9          //                      P2_4 = 1;P2_3 = 1;P2_2 = 1;break;
  10          //              case 2: 
  11          //                      P2_4 = 1;P2_3 = 1;P2_2 = 0;break;
  12          //              case 3: 
  13          //                      P2_4 = 1;P2_3 = 0;P2_2 = 1;break;
  14          //              case 4: 
  15          //                      P2_4 = 1;P2_3 = 0;P2_2 = 0;break;
  16          //              case 5: 
  17          //                      P2_4 = 0;P2_3 = 1;P2_2 = 1;break;
  18          //              case 6: 
  19          //                      P2_4 = 0;P2_3 = 1;P2_2 = 0;break;
  20          //              case 7: 
  21          //                      P2_4 = 0;P2_3 = 0;P2_2 = 1;break;
  22          //              case 8: 
  23          //                      P2_4 = 0;P2_3 = 0;P2_2 = 0;break;
  24          //      }
  25          //      P0=NixieTubeNumber[Number];
  26          //}
  27          
  28          //void main()
  29          //{
  30          ////    //128编码器，对应8个组合LED
  31          ////    P2_4 = 1;
  32          ////    P2_3 = 0;
  33          ////    P2_2 = 1;
  34          ////    //对应选中的组合LED中的单个LED
  35          ////    P0 = 0x7D;      //P0_0――P0_7，与右侧LED引脚冲突
  36          //      NixieTube(8,9);
  37          //      while(1)
  38          //      {
  39          //              
  40          //      }
  41          //}
  42          
  43          //动态显示，通过错峰时间
  44          #include <REGX52.H>
  45          #include <INTRINS.H>    //_nop_()
  46          unsigned char NixieTubeNumber[]={0x3F,0x06,0x5B,0x4F,0x66,0x6D,0x7D,0x07,0x7F,0x6F,0x77,0x7C,0x39,0x5E,0x7
             -9,0x71,0x00};
  47          
  48          void Delayxms(unsigned int x)           //@11.0592MHz
  49          {
  50   1              unsigned char i, j;
  51   1              while(x)
  52   1              {
C51 COMPILER V9.54   MAIN                                                                  03/27/2025 15:18:34 PAGE 2   

  53   2                      _nop_();
  54   2                      i = 2;
  55   2                      j = 199;
  56   2                      do
  57   2                      {
  58   3                              while (--j);
  59   3                      } while (--i);
  60   2                      x--;
  61   2              } 
  62   1      }
  63          
  64          void NixieTube(unsigned char Location,Number)
  65          {
  66   1              switch(Location)
  67   1              {
  68   2                      case 1: //左侧第一组LED为LED8
  69   2                              P2_4 = 1;P2_3 = 1;P2_2 = 1;break;
  70   2                      case 2: 
  71   2                              P2_4 = 1;P2_3 = 1;P2_2 = 0;break;
  72   2                      case 3: 
  73   2                              P2_4 = 1;P2_3 = 0;P2_2 = 1;break;
  74   2                      case 4: 
  75   2                              P2_4 = 1;P2_3 = 0;P2_2 = 0;break;
  76   2                      case 5: 
  77   2                              P2_4 = 0;P2_3 = 1;P2_2 = 1;break;
  78   2                      case 6: 
  79   2                              P2_4 = 0;P2_3 = 1;P2_2 = 0;break;
  80   2                      case 7: 
  81   2                              P2_4 = 0;P2_3 = 0;P2_2 = 1;break;
  82   2                      case 8: 
  83   2                              P2_4 = 0;P2_3 = 0;P2_2 = 0;break;
  84   2              }
  85   1              P0 = NixieTubeNumber[Number];
  86   1              Delayxms(1);    //也可以直接加延时
  87   1              P0 = 0x00;      //目的：延时清零――位选  段选（中间会串位）位选  段选
  88   1      }
  89          
  90          void main()
  91          {
  92   1              while(1)
  93   1              {
  94   2                      NixieTube(1,1);
  95   2                      NixieTube(2,2);
  96   2                      NixieTube(3,3);
  97   2                      NixieTube(4,4);
  98   2              }
  99   1      }
 100          
 101          
 102          
 103          
 104          
 105          


MODULE INFORMATION:   STATIC OVERLAYABLE
   CODE SIZE        =    168    ----
   CONSTANT SIZE    =   ----    ----
   XDATA SIZE       =   ----    ----
   PDATA SIZE       =   ----    ----
   DATA SIZE        =     17    ----
   IDATA SIZE       =   ----    ----
C51 COMPILER V9.54   MAIN                                                                  03/27/2025 15:18:34 PAGE 3   

   BIT SIZE         =   ----    ----
END OF MODULE INFORMATION.


C51 COMPILATION COMPLETE.  0 WARNING(S),  0 ERROR(S)
