C51 COMPILER V9.54   AT24C02                                                               04/03/2025 15:12:22 PAGE 1   


C51 COMPILER V9.54, COMPILATION OF MODULE AT24C02
OBJECT MODULE PLACED IN .\Objects\AT24C02.obj
COMPILER INVOKED BY: D:\Keil_v5\C51\BIN\C51.EXE AT24C02.c OPTIMIZE(8,SPEED) BROWSE DEBUG OBJECTEXTEND PRINT(.\Listings\A
                    -T24C02.lst) OBJECT(.\Objects\AT24C02.obj)

line level    source

   1          #include <REGX52.H>
   2          #include "I2C.h"
   3          
   4          #define AT24C02_ADDRESS 0xA0    //通过 |0x01 将最后一位置1就变为写地址
   5          /**
   6            *     @brief  AT24C02写入一个字节
   7            * @param      WordAddress 要在这个地址写入字节
   8            * @param      Data 要写入的数据
   9            *     @retval 无
  10            */
  11          void AT24C02_WriteByte(unsigned char WordAddress,Data)  //字地址取0~255
  12          {
  13   1              //unsigned char Ack = 0;
  14   1              I2C_Start();
  15   1              I2C_SendByte(AT24C02_ADDRESS);
  16   1              I2C_ReceiveAck();
  17   1              I2C_SendByte(WordAddress);
  18   1              I2C_ReceiveAck();
  19   1              //Ack = I2C_ReceiveAck();
  20   1              //if(Ack==0)P2=0x00;    //测试
  21   1              I2C_SendByte(Data);
  22   1              I2C_ReceiveAck();
  23   1              I2C_Stop();
  24   1      }
  25          /**
  26            *     @brief  AT24C02读取一个字节
  27            * @param      WordAddress 要在这个地址读出字节
  28            *     @retval 读出的数据
  29            */
  30          unsigned char AT24C02_ReadByte(unsigned char WordAddress)
  31          {
  32   1              unsigned char Data;
  33   1              I2C_Start();
  34   1              I2C_SendByte(AT24C02_ADDRESS);
  35   1              I2C_ReceiveAck();
  36   1              I2C_SendByte(WordAddress);
  37   1              I2C_ReceiveAck();
  38   1              I2C_Start();
  39   1              I2C_SendByte(AT24C02_ADDRESS|0x01);
  40   1              I2C_ReceiveAck();
  41   1              Data = I2C_ReceiveByte();
  42   1              I2C_SendAck(1);
  43   1              I2C_Stop();
  44   1              return Data;
  45   1      }


MODULE INFORMATION:   STATIC OVERLAYABLE
   CODE SIZE        =     84    ----
   CONSTANT SIZE    =   ----    ----
   XDATA SIZE       =   ----    ----
   PDATA SIZE       =   ----    ----
   DATA SIZE        =   ----       5
   IDATA SIZE       =   ----    ----
C51 COMPILER V9.54   AT24C02                                                               04/03/2025 15:12:22 PAGE 2   

   BIT SIZE         =   ----    ----
END OF MODULE INFORMATION.


C51 COMPILATION COMPLETE.  0 WARNING(S),  0 ERROR(S)
