C51 COMPILER V9.60.7.0   INT0                                                              04/04/2025 21:05:19 PAGE 1   


C51 COMPILER V9.60.7.0, COMPILATION OF MODULE INT0
OBJECT MODULE PLACED IN .\Objects\Int0.obj
COMPILER INVOKED BY: D:\Keil5\keil5C51\C51\BIN\C51.EXE Int0.c OPTIMIZE(8,SPEED) BROWSE DEBUG OBJECTEXTEND PRINT(.\Listin
                    -gs\Int0.lst) OBJECT(.\Objects\Int0.obj)

line level    source

   1          #include <REGX52.H>
   2          
   3          void Int0_Init()
   4          {
   5   1              IT0 = 1;        //下降沿触发，0为低电平即触发
   6   1              IE0 = 0;        //中断标志位清零
   7   1              EX0 = 1;        //打开指定中断（前）
   8   1              EA  = 1;        //打开所有中断（后）
   9   1              PX0 = 1;        //给高优先级
  10   1      }
  11          
  12          /*
  13          //模板，外部中断0
  14          void Int0_Routine() interrupt 0
  15          {
  16                  
  17          }
  18          */


MODULE INFORMATION:   STATIC OVERLAYABLE
   CODE SIZE        =     11    ----
   CONSTANT SIZE    =   ----    ----
   XDATA SIZE       =   ----    ----
   PDATA SIZE       =   ----    ----
   DATA SIZE        =   ----    ----
   IDATA SIZE       =   ----    ----
   BIT SIZE         =   ----    ----
END OF MODULE INFORMATION.


C51 COMPILATION COMPLETE.  0 WARNING(S),  0 ERROR(S)
