C51 COMPILER V9.60.7.0   MAIN                                                              04/04/2025 21:05:18 PAGE 1   


C51 COMPILER V9.60.7.0, COMPILATION OF MODULE MAIN
OBJECT MODULE PLACED IN .\Objects\main.obj
COMPILER INVOKED BY: D:\Keil5\keil5C51\C51\BIN\C51.EXE main.c OPTIMIZE(8,SPEED) BROWSE DEBUG OBJECTEXTEND PRINT(.\Listin
                    -gs\main.lst) OBJECT(.\Objects\main.obj)

line level    source

   1          //直流电机调速
   2          #include <REGX52.H>
   3          #include "Delay.h"
   4          #include "NixieTube.h"
   5          #include "Timer0.h"
   6          #include "Motor.h"
   7          #include "IR.h"
   8          
   9          unsigned char Command,Speed;
  10          
  11          void main()
  12          {
  13   1              Motor_Init();
  14   1              IR_Init();
  15   1              while(1)
  16   1              {
  17   2                      if(IR_GetDataFlag())
  18   2                      {
  19   3                              Command = IR_GetCommand();
  20   3                              if(Command == IR_0){Speed = 0;}
  21   3                              if(Command == IR_1){Speed = 1;}
  22   3                              if(Command == IR_2){Speed = 2;}
  23   3                              if(Command == IR_3){Speed = 3;}
  24   3                              
  25   3                              Speed++;
  26   3                              Speed%=4;
  27   3                              if(Speed == 0){Motor_SetSpeed(0);}
  28   3                              if(Speed == 1){Motor_SetSpeed(50);}
  29   3                              if(Speed == 2){Motor_SetSpeed(75);}
  30   3                              if(Speed == 3){Motor_SetSpeed(100);}
  31   3                      }
  32   2                      NixieTube_SetBuf(1,Speed);
  33   2              }
  34   1      }
  35          


MODULE INFORMATION:   STATIC OVERLAYABLE
   CODE SIZE        =    104    ----
   CONSTANT SIZE    =   ----    ----
   XDATA SIZE       =   ----    ----
   PDATA SIZE       =   ----    ----
   DATA SIZE        =      2    ----
   IDATA SIZE       =   ----    ----
   BIT SIZE         =   ----    ----
END OF MODULE INFORMATION.


C51 COMPILATION COMPLETE.  0 WARNING(S),  0 ERROR(S)
