C51 COMPILER V9.54   ONEWIRE                                                               04/03/2025 15:12:22 PAGE 1   


C51 COMPILER V9.54, COMPILATION OF MODULE ONEWIRE
OBJECT MODULE PLACED IN .\Objects\OneWire.obj
COMPILER INVOKED BY: D:\Keil_v5\C51\BIN\C51.EXE OneWire.c OPTIMIZE(8,SPEED) BROWSE DEBUG OBJECTEXTEND PRINT(.\Listings\O
                    -neWire.lst) OBJECT(.\Objects\OneWire.obj)

line level    source

   1          #include <REGX52.H>
   2          #include <INTRINS.H>    //_nop_()
   3          
   4          sbit OneWire_DQ = P3^7;
   5          
   6          unsigned char OneWire_Init()
   7          {
   8   1              unsigned char i,AckBit;
   9   1              
  10   1              EA = 0; //进入延时时关闭中断
  11   1              
  12   1              OneWire_DQ = 1;
  13   1              OneWire_DQ = 0;
  14   1              //延时500us，至少480us
  15   1              _nop_();
  16   1              i = 227;
  17   1              while (--i);
  18   1              //释放总线
  19   1              OneWire_DQ = 1;
  20   1              //延时70us，15~60us后从机会拉低总线（存在的话）
  21   1              _nop_();
  22   1              i = 29;
  23   1              while (--i);
  24   1              //监测从机是(0)否(1)应答
  25   1              AckBit = OneWire_DQ;
  26   1              //延时500us，至少480us
  27   1              _nop_();
  28   1              i = 227;
  29   1              while (--i);
  30   1              
  31   1              EA = 1; //退出延时时打开中断
  32   1              
  33   1              return AckBit;
  34   1      }
  35          
  36          void OneWire_SendBit(unsigned char Bit)
  37          {
  38   1              unsigned char i;
  39   1                      
  40   1              EA = 0; //进入延时时关闭中断
  41   1              
  42   1              OneWire_DQ = 1;         //可不给
  43   1              OneWire_DQ = 0;
  44   1              //延时10us，一个_nop_()1us，一个函数调用4us
  45   1              _nop_();
  46   1              i = 3;
  47   1              while (--i);
  48   1              //发送Bit
  49   1              OneWire_DQ = Bit;
  50   1              //延时50us
  51   1              i = 22;
  52   1              while (--i);
  53   1              //释放总线
  54   1              OneWire_DQ = 1;
C51 COMPILER V9.54   ONEWIRE                                                               04/03/2025 15:12:22 PAGE 2   

  55   1                      
  56   1              EA = 1; //退出延时时打开中断
  57   1              
  58   1      }
  59          
  60          unsigned char OneWire_ReceiveBit()
  61          {
  62   1              unsigned char i,Bit;
  63   1                      
  64   1              EA = 0; //进入延时时关闭中断
  65   1              
  66   1              OneWire_DQ = 1;         //可不给
  67   1              OneWire_DQ = 0;
  68   1              //延时10us
  69   1              _nop_();
  70   1              i = 3;
  71   1              while (--i);
  72   1              //释放总线
  73   1              OneWire_DQ = 1;
  74   1              //延时5us
  75   1              _nop_();
  76   1              i = 1;
  77   1              while (--i);
  78   1              //接收Bit
  79   1              Bit = OneWire_DQ;
  80   1              //延时50us
  81   1              i = 22;
  82   1              while (--i);
  83   1                      
  84   1              EA = 1; //退出延时时打开中断
  85   1              
  86   1              return Bit;
  87   1      }
  88          
  89          void OneWire_SendByte(unsigned char Byte)
  90          {
  91   1              unsigned char i = 0;
  92   1              for(i = 0;i < 8;i++)
  93   1              {
  94   2                      OneWire_SendBit(Byte&(0x01<<i));
  95   2              }
  96   1      }
  97          
  98          unsigned char OneWire_ReceiveByte()
  99          {
 100   1              unsigned char i = 0,Byte = 0x00;
 101   1              for(i = 0;i < 8;i++)
 102   1              {
 103   2                      if(OneWire_ReceiveBit()){Byte |= (0x01<<i);}
 104   2              }
 105   1              return Byte;
 106   1      }
 107          
 108          
 109          
 110          
 111          
 112          


MODULE INFORMATION:   STATIC OVERLAYABLE
   CODE SIZE        =    144    ----
C51 COMPILER V9.54   ONEWIRE                                                               04/03/2025 15:12:22 PAGE 3   

   CONSTANT SIZE    =   ----    ----
   XDATA SIZE       =   ----    ----
   PDATA SIZE       =   ----    ----
   DATA SIZE        =   ----    ----
   IDATA SIZE       =   ----    ----
   BIT SIZE         =   ----    ----
END OF MODULE INFORMATION.


C51 COMPILATION COMPLETE.  0 WARNING(S),  0 ERROR(S)
