C51 COMPILER V9.60.7.0   TIMER1                                                            04/04/2025 21:05:19 PAGE 1   


C51 COMPILER V9.60.7.0, COMPILATION OF MODULE TIMER1
OBJECT MODULE PLACED IN .\Objects\Timer1.obj
COMPILER INVOKED BY: D:\Keil5\keil5C51\C51\BIN\C51.EXE Timer1.c OPTIMIZE(8,SPEED) BROWSE DEBUG OBJECTEXTEND PRINT(.\List
                    -ings\Timer1.lst) OBJECT(.\Objects\Timer1.obj)

line level    source

   1          #include <REGX52.H>
   2          
   3          void Timer1_Init(void)          //100微秒@11.0592MHz
   4          {
   5   1              TMOD &= 0xF0;           //设置定时器模式
   6   1              TMOD |= 0x10;           //设置定时器模式
   7   1              TL1 = 0xA4;             //设置定时初值
   8   1              TH1 = 0xFF;             //设置定时初值
   9   1              TF1 = 0;                //清除TF1标志
  10   1              TR1 = 1;                //定时器1开始计时
  11   1              ET1 = 1;
  12   1              EA = 1;
  13   1              PT1 = 0;
  14   1      }
  15          
  16          /*定时器中断函数模板
  17          void Timer1_Routine() interrupt 3
  18          {
  19                  static unsigned int T1Count;
  20                  TL1 = 0xA4;             //设置定时初值
  21                  TH1 = 0xFF;             //设置定时初值
  22                  T1Count++;
  23                  if(T1Count>=1000)
  24                  {
  25                          T1Count=0;
  26                  }
  27          }
  28          */


MODULE INFORMATION:   STATIC OVERLAYABLE
   CODE SIZE        =     23    ----
   CONSTANT SIZE    =   ----    ----
   XDATA SIZE       =   ----    ----
   PDATA SIZE       =   ----    ----
   DATA SIZE        =   ----    ----
   IDATA SIZE       =   ----    ----
   BIT SIZE         =   ----    ----
END OF MODULE INFORMATION.


C51 COMPILATION COMPLETE.  0 WARNING(S),  0 ERROR(S)
