C51 COMPILER V9.54   MAIN                                                                  03/26/2025 18:27:09 PAGE 1   


C51 COMPILER V9.54, COMPILATION OF MODULE MAIN
OBJECT MODULE PLACED IN .\Objects\main.obj
COMPILER INVOKED BY: D:\Keil_v5\C51\BIN\C51.EXE main.c OPTIMIZE(8,SPEED) BROWSE DEBUG OBJECTEXTEND PRINT(.\Listings\main
                    -.lst) OBJECT(.\Objects\main.obj)

line level    source

   1          //按钮状态控制LED亮灭
   2          //#include <REGX52.H>
   3          //void main()
   4          //{
   5          //      while(1)
   6          //      {
   7          //              if(P3_1==0)     //0是按下状态，1        是松开状态
   8          //              //按下独立按键K1，P3_0是K2，P3_2是K3，P3_3是K4
   9          //              {
  10          //                      P2_0 = 0;
  11          //              }
  12          //              else
  13          //              {
  14          //                      P2_0 = 1;
  15          //              }
  16          //      }
  17          //}
  18          
  19          //按钮按下改变LED亮灭
  20          //#include <REGX52.H>
  21          //void Delayxms(unsigned int x)         //@11.0592MHz
  22          //{
  23          //      unsigned char i, j;
  24          
  25          //      while(x)
  26          //      {
  27          //              i = 2;
  28          //              j = 199;
  29          //              do
  30          //              {
  31          //                      while (--j);
  32          //              } while (--i);
  33          //              x--;
  34          //      }
  35          //      
  36          //}
  37          
  38          //void main()
  39          //{
  40          //      while(1)
  41          //      {
  42          //              if(P3_1==0)
  43          //              {
  44          //                      Delayxms(20);
  45          //                      while(P3_1==0); //缓冲区，识别到按钮松开后才进行下一步
  46          //                      Delayxms(20);
  47          //                      P2_0 = ~P2_0;
  48          //              }
  49          //      }
  50          //}
  51          
  52          //按钮按一下加1，8个LED表示出二进制
  53          //#include <REGX52.H>
  54          //void Delayxms(unsigned int x)         //@11.0592MHz
C51 COMPILER V9.54   MAIN                                                                  03/26/2025 18:27:09 PAGE 2   

  55          //{
  56          //      unsigned char i, j;
  57          
  58          //      while(x)
  59          //      {
  60          //              i = 2;
  61          //              j = 199;
  62          //              do
  63          //              {
  64          //                      while (--j);
  65          //              } while (--i);
  66          //              x--;
  67          //      }
  68          //      
  69          //}
  70          
  71          //void main()
  72          //{
  73          //      //8位二进制，一般用此表示寄存器
  74          //      unsigned char LEDNum = 0;       //0000 0000
  75          //      while(1)
  76          //      {
  77          //              if(P3_1==0)
  78          //              {
  79          //                      Delayxms(20);
  80          //                      while(P3_1==0);
  81          //                      Delayxms(20);
  82          //                      LEDNum++;
  83          //                      P2 = ~LEDNum;
  84          //                      //P2--; //第二种方法
  85          //                      //(~P2)++;      //第三种方法
  86          //              }
  87          //      }
  88          //}
  89          
  90          //两个按钮控制LED移动（点亮）
  91          #include <REGX52.H>
  92          void Delayxms(unsigned int x)           //@11.0592MHz
  93          {
  94   1              unsigned char i, j;
  95   1      
  96   1              while(x)
  97   1              {
  98   2                      i = 2;
  99   2                      j = 199;
 100   2                      do
 101   2                      {
 102   3                              while (--j);
 103   3                      } while (--i);
 104   2                      x--;
 105   2              }
 106   1              
 107   1      }
 108          
 109          void main()
 110          {
 111   1              unsigned char LEDNum = 0;       //0000 0000
 112   1              P2=~0x01;
 113   1              while(1)
 114   1              {
 115   2                      if(P3_0==0)
 116   2                      {
C51 COMPILER V9.54   MAIN                                                                  03/26/2025 18:27:09 PAGE 3   

 117   3                              Delayxms(20);
 118   3                              while(P3_0==0);
 119   3                              Delayxms(20);
 120   3                              LEDNum++;
 121   3                              P2 = ~(0x01<<(LEDNum%8));
 122   3                              
 123   3                      }
 124   2                      if(P3_1==0)
 125   2                      {
 126   3                              Delayxms(20);
 127   3                              while(P3_1==0);
 128   3                              Delayxms(20);
 129   3                              LEDNum--;
 130   3                              P2 = ~(0x01<<(LEDNum%8));
 131   3                              
 132   3                      }
 133   2              }
 134   1      }
 135          


MODULE INFORMATION:   STATIC OVERLAYABLE
   CODE SIZE        =     93    ----
   CONSTANT SIZE    =   ----    ----
   XDATA SIZE       =   ----    ----
   PDATA SIZE       =   ----    ----
   DATA SIZE        =   ----    ----
   IDATA SIZE       =   ----    ----
   BIT SIZE         =   ----    ----
END OF MODULE INFORMATION.


C51 COMPILATION COMPLETE.  0 WARNING(S),  0 ERROR(S)
