C51 COMPILER V9.54   MAIN                                                                  03/27/2025 20:11:41 PAGE 1   


C51 COMPILER V9.54, COMPILATION OF MODULE MAIN
OBJECT MODULE PLACED IN .\Objects\main.obj
COMPILER INVOKED BY: D:\Keil_v5\C51\BIN\C51.EXE main.c OPTIMIZE(8,SPEED) BROWSE DEBUG OBJECTEXTEND PRINT(.\Listings\main
                    -.lst) OBJECT(.\Objects\main.obj)

line level    source

   1          //显示按钮对应的键值
   2          //#include <REGX52.H>
   3          //#include "LCD1602.h"
   4          //#include "Delay.h"
   5          //#include "MatrixKey.h"
   6          
   7          //unsigned char KeyNum;
   8          
   9          //void main()
  10          //{
  11          ////    LCD_Init();
  12          ////    LCD_ShowChar(1,1,'A');
  13          ////    LCD_ShowString(1,3,"Hello");
  14          ////    LCD_ShowNum(1,9,123,3);
  15          ////    LCD_ShowSignedNum(1,13,-66,2);
  16          ////    LCD_ShowHexNum(2,1,0xA8,2);     //十六进制
  17          ////    LCD_ShowBinNum(2,4,0xAA,8);     //二进制
  18          //      LCD_Init();
  19          //      LCD_ShowString(1,1,"InputValue:");
  20          //      while(1)
  21          //      {
  22          //              KeyNum=MatrixKey();
  23          //              if(KeyNum)      //KeyNum为0指无按钮按下
  24          //              {
  25          //                      LCD_ShowNum(2,1,KeyNum,2);
  26          //              }
  27          //      }
  28          //}
  29          
  30          #include <REGX52.H>
  31          #include "LCD1602.h"
  32          #include "Delay.h"
  33          #include "MatrixKey.h"
  34          
  35          unsigned char KeyNum;
  36          unsigned int Password;
  37          unsigned int n;
  38          
  39          void main()
  40          {
  41   1              LCD_Init();
  42   1              LCD_ShowString(1,1,"Password:");
  43   1              LCD_ShowNum(2,1,0,4);
  44   1              while(1)
  45   1              {
  46   2                      KeyNum=MatrixKey();
  47   2                      if(KeyNum)      //KeyNum为0指无按钮按下
  48   2                      {
  49   3                              if(KeyNum<=10)  //S1――S10按下
  50   3                              {
  51   4                                      if(n<4)
  52   4                                      {
  53   5                                              Password=Password*10+KeyNum%10; //让第十个按键输出0值
  54   5                                              n++;
C51 COMPILER V9.54   MAIN                                                                  03/27/2025 20:11:41 PAGE 2   

  55   5                                      }
  56   4                                      else
  57   4                                      {
  58   5                                              LCD_ShowString(1,12,"Extra");
  59   5                                      }
  60   4                                      LCD_ShowNum(2,1,Password,4);
  61   4                              }
  62   3                              if(KeyNum==11)
  63   3                              {
  64   4                                      if(Password==0)
  65   4                                      {
  66   5                                              LCD_ShowString(1,1,"Please Input   ");
  67   5                                      }
  68   4                                      else if(Password==5876)
  69   4                                      {
  70   5                                              LCD_ShowString(1,12,"Right");
  71   5                                      }
  72   4                                      else
  73   4                                      {
  74   5                                              LCD_ShowString(1,12,"Wrong");
  75   5                                      }
  76   4                              }
  77   3                              if(KeyNum==12)
  78   3                              {
  79   4                                      n=Password=0;
  80   4                                      LCD_ShowString(1,12,"Reset");
  81   4                                      Delayxms(2000);
  82   4                                      LCD_ShowString(1,12,"     ");
  83   4                                      LCD_ShowNum(2,1,Password,4);
  84   4                              }
  85   3                      }
  86   2              }
  87   1      }


MODULE INFORMATION:   STATIC OVERLAYABLE
   CODE SIZE        =    239    ----
   CONSTANT SIZE    =     56    ----
   XDATA SIZE       =   ----    ----
   PDATA SIZE       =   ----    ----
   DATA SIZE        =      5    ----
   IDATA SIZE       =   ----    ----
   BIT SIZE         =   ----    ----
END OF MODULE INFORMATION.


C51 COMPILATION COMPLETE.  0 WARNING(S),  0 ERROR(S)
