C51 COMPILER V9.54   MAIN                                                                  04/02/2025 20:05:06 PAGE 1   


C51 COMPILER V9.54, COMPILATION OF MODULE MAIN
OBJECT MODULE PLACED IN .\Objects\main.obj
COMPILER INVOKED BY: D:\Keil_v5\C51\BIN\C51.EXE main.c OPTIMIZE(8,SPEED) BROWSE DEBUG OBJECTEXTEND PRINT(.\Listings\main
                    -.lst) OBJECT(.\Objects\main.obj)

line level    source

   1          //AT24C02数据存储
   2          #include <REGX52.H>
   3          #include "LCD1602.h"
   4          #include "IndependentKey.h"
   5          #include "Delay.h"
   6          #include "AT24C02.h"
   7          
   8          unsigned char Data,KeyNum;
   9          unsigned int Num;
  10          
  11          void main()
  12          {
  13   1              LCD_Init();
  14   1      //      LCD_ShowString(1,1,"Hello");
  15   1              
  16   1      //      AT24C02_WriteByte(1,147);
  17   1      //      Delayxms(5);    //写周期需要5ms
  18   1      
  19   1      //      Data = AT24C02_ReadByte(1);
  20   1      //      LCD_ShowNum(2,1,Data,3);
  21   1              
  22   1              LCD_ShowNum(1,1,Num,5);
  23   1              
  24   1              while(1)
  25   1              {
  26   2                      KeyNum = IndependentKey();
  27   2                      if(KeyNum == 1)
  28   2                      {
  29   3                              Num++;
  30   3                              LCD_ShowNum(1,1,Num,5);
  31   3                      }
  32   2                      if(KeyNum == 2)
  33   2                      {
  34   3                              Num--;
  35   3                              LCD_ShowNum(1,1,Num,5);
  36   3                      }
  37   2                      if(KeyNum == 3)
  38   2                      {
  39   3                              //因为Num是十六位int，需要区分高低八位
  40   3                              AT24C02_WriteByte(0,Num%256);
  41   3                              Delayxms(5);
  42   3                              AT24C02_WriteByte(1,Num/256);
  43   3                              Delayxms(5);
  44   3                              LCD_ShowString(2,1,"Write Finish");
  45   3                              Delayxms(2000);
  46   3                              LCD_ShowString(2,1,"            ");
  47   3                      }
  48   2                      if(KeyNum == 4)
  49   2                      {
  50   3                              //还原Num的十六位
  51   3                              Num = AT24C02_ReadByte(0);
  52   3                              Num |= AT24C02_ReadByte(1)<<8;
  53   3                              
  54   3                              LCD_ShowString(1,1,"Last Num:");
C51 COMPILER V9.54   MAIN                                                                  04/02/2025 20:05:06 PAGE 2   

  55   3                              LCD_ShowNum(1,10,Num,5);
  56   3                              LCD_ShowString(2,1,"Read Finish");
  57   3                              Delayxms(2000);
  58   3                              LCD_ShowNum(1,1,Num,5);
  59   3                              LCD_ShowString(1,6,"               ");
  60   3                              LCD_ShowString(2,1,"           ");
  61   3                      }
  62   2              }
  63   1      }


MODULE INFORMATION:   STATIC OVERLAYABLE
   CODE SIZE        =    263    ----
   CONSTANT SIZE    =     76    ----
   XDATA SIZE       =   ----    ----
   PDATA SIZE       =   ----    ----
   DATA SIZE        =      4    ----
   IDATA SIZE       =   ----    ----
   BIT SIZE         =   ----    ----
END OF MODULE INFORMATION.


C51 COMPILATION COMPLETE.  0 WARNING(S),  0 ERROR(S)
